time="2018-08-24T23:38:00+01:00" level=info msg="{\"Ectd\":\"\",\"NumberOfworkers\":4,\"LogLevel\":\"info\",\"LogOutut\":\"file\"}"
time="2018-08-25T11:11:28+01:00" level=info msg="===== Config Loaded sucessfully  ========== "
time="2018-08-25T11:49:56+01:00" level=info msg="===== Config Loaded sucessfully  ========== "
time="2018-08-25T11:50:14+01:00" level=info msg="===== Config Loaded sucessfully  ========== "
time="2018-08-25T11:50:14+01:00" level=info msg="[123 34 69 99 116 100 34 58 34 34 44 34 78 117 109 98 101 114 79 102 119 111 114 107 101 114 115 34 58 52 44 34 76 111 103 76 101 118 101 108 34 58 34 105 110 102 111 34 44 34 76 111 103 79 117 116 117 116 34 58 34 102 105 108 101 34 125]"
time="2018-08-25T11:50:18+01:00" level=info msg="===== Config Loaded sucessfully  ========== "
time="2018-08-25T11:50:18+01:00" level=info msg="[123 34 69 99 116 100 34 58 34 34 44 34 78 117 109 98 101 114 79 102 119 111 114 107 101 114 115 34 58 52 44 34 76 111 103 76 101 118 101 108 34 58 34 105 110 102 111 34 44 34 76 111 103 79 117 116 117 116 34 58 34 102 105 108 101 34 125]"
time="2018-08-25T11:50:31+01:00" level=info msg="===== Config Loaded sucessfully  ========== "
time="2018-08-25T11:50:31+01:00" level=info msg="{\"Ectd\":\"\",\"NumberOfworkers\":4,\"LogLevel\":\"info\",\"LogOutut\":\"file\"}"
time="2018-08-25T11:50:33+01:00" level=info msg="===== Config Loaded sucessfully  ========== "
time="2018-08-25T11:50:33+01:00" level=info msg="{\"Ectd\":\"\",\"NumberOfworkers\":4,\"LogLevel\":\"info\",\"LogOutut\":\"file\"}"
time="2018-08-25T11:50:52+01:00" level=info msg="===== Config Loaded sucessfully  ========== "
time="2018-08-25T11:50:52+01:00" level=info msg="Config: {\"Ectd\":\"\",\"NumberOfworkers\":4,\"LogLevel\":\"info\",\"LogOutut\":\"file\"}"
time="2018-08-25T11:52:10+01:00" level=info msg="===== Config Loaded sucessfully  ========== "
time="2018-08-25T11:52:10+01:00" level=info msg=message json="&{ 4 info file}"
time="2018-08-25T11:52:13+01:00" level=info msg="===== Config Loaded sucessfully  ========== "
time="2018-08-25T11:52:13+01:00" level=info msg=message json="&{ 4 info file}"
time="2018-08-25T11:52:13+01:00" level=info msg="===== Config Loaded sucessfully  ========== "
time="2018-08-25T11:52:13+01:00" level=info msg=message json="&{ 4 info file}"
time="2018-08-25T11:52:23+01:00" level=info msg="===== Config Loaded sucessfully  ========== "
time="2018-08-25T11:52:23+01:00" level=info msg=message json="&{ 4 info file}"
time="2018-08-25T12:05:07+01:00" level=info msg="===== Config Loaded sucessfully  ========== "
time="2018-08-25T12:05:07+01:00" level=info msg=HELLO
time="2018-08-25T12:05:10+01:00" level=info msg="===== Config Loaded sucessfully  ========== "
time="2018-08-25T12:05:10+01:00" level=info msg=HELLO
time="2018-08-25T12:11:25+01:00" level=info msg="===== Config Loaded sucessfully  ========== "
time="2018-08-25T12:11:25+01:00" level=info msg=HELLO
